#
# There is insufficient memory for the Java Runtime Environment to continue.
# Native memory allocation (mmap) failed to map 132120576 bytes for G1 virtual space
# Possible reasons:
#   The system is out of physical RAM or swap space
#   The process is running with CompressedOops enabled, and the Java Heap may be blocking the growth of the native heap
# Possible solutions:
#   Reduce memory load on the system
#   Increase physical memory or swap space
#   Check if swap backing store is full
#   Decrease Java heap size (-Xmx/-Xms)
#   Decrease number of Java threads
#   Decrease Java thread stack sizes (-Xss)
#   Set larger code cache with -XX:ReservedCodeCacheSize=
#   JVM is running with Unscaled Compressed Oops mode in which the Java heap is
#     placed in the first 4GB address space. The Java Heap base address is the
#     maximum limit for the native heap growth. Please use -XX:HeapBaseMinAddress
#     to set the Java Heap base and to place the Java Heap above 4GB virtual address.
# This output file may be truncated or incomplete.
#
#  Out of Memory Error (os_windows.cpp:3536), pid=15856, tid=15264
#
# JRE version:  (19.0.2+7) (build )
# Java VM: Java HotSpot(TM) 64-Bit Server VM (19.0.2+7-44, mixed mode, sharing, tiered, compressed oops, compressed class ptrs, g1 gc, windows-amd64)
# No core dump will be written. Minidumps are not enabled by default on client versions of Windows
#

---------------  S U M M A R Y ------------

Command Line: -Dfile.encoding=UTF-8 --module-path=C:\Users\ASUS\OneDrive\Documents\NetBeansProjects\Empmanagement\build\classes employee.management.List_Employee

Host: Intel(R) Core(TM) i5-8265U CPU @ 1.60GHz, 8 cores, 7G,  Windows 10 , 64 bit Build 19041 (10.0.19041.3155)
Time: Sat Aug 26 15:14:32 2023 Bangladesh Standard Time elapsed time: 0.141684 seconds (0d 0h 0m 0s)

---------------  T H R E A D  ---------------

Current thread (0x0000028ff66a7600):  JavaThread "Unknown thread" [_thread_in_vm, id=15264, stack(0x000000d740200000,0x000000d740300000)]

Stack: [0x000000d740200000,0x000000d740300000]
Native frames: (J=compiled Java code, j=interpreted, Vv=VM code, C=native code)
V  [jvm.dll+0x6ee21a]
V  [jvm.dll+0x85765e]
V  [jvm.dll+0x85904e]
V  [jvm.dll+0x859703]
V  [jvm.dll+0x28298f]
V  [jvm.dll+0x6eb009]
V  [jvm.dll+0x6dfbaa]
V  [jvm.dll+0x3573f6]
V  [jvm.dll+0x35ee56]
V  [jvm.dll+0x3b541e]
V  [jvm.dll+0x3b564f]
V  [jvm.dll+0x32c9ea]
V  [jvm.dll+0x32d89e]
V  [jvm.dll+0x821780]
V  [jvm.dll+0x3c2661]
V  [jvm.dll+0x801f51]
V  [jvm.dll+0x44ae8f]
V  [jvm.dll+0x44c811]
C  [jli.dll+0x5287]
C  [ucrtbase.dll+0x21bb2]
C  [KERNEL32.DLL+0x17614]
C  [ntdll.dll+0x526b1]


---------------  P R O C E S S  ---------------

Threads class SMR info:
_java_thread_list=0x00007fff6edfd048, length=0, elements={
}

Java Threads: ( => current thread )

Other Threads:
  0x0000028ff6707700 WorkerThread "GC Thread#0" [stack: 0x000000d740300000,0x000000d740400000] [id=25152]
  0x0000028ff6718290 ConcurrentGCThread "G1 Main Marker" [stack: 0x000000d740400000,0x000000d740500000] [id=25416]
  0x0000028ff6719370 WorkerThread "G1 Conc#0" [stack: 0x000000d740500000,0x000000d740600000] [id=25424]

[error occurred during error reporting (printing all threads), id 0xc0000005, EXCEPTION_ACCESS_VIOLATION (0xc0000005) at pc=0x00007fff6e5bd427]

VM state: not at safepoint (not fully initialized)

VM Mutex/Monitor currently owned by a thread:  ([mutex/lock_event])
[0x0000028ff66a4b60] Heap_lock - owner thread: 0x0000028ff66a7600

Heap address: 0x0000000082400000, size: 2012 MB, Compressed Oops mode: 32-bit

CDS archive(s) mapped at: [0x0000000000000000-0x0000000000000000-0x0000000000000000), size 0, SharedBaseAddress: 0x0000000800000000, ArchiveRelocationMode: 0.
Narrow klass base: 0x0000000000000000, Narrow klass shift: 0, Narrow klass range: 0x0

GC Precious Log:
 CardTable entry size: 512
 Card Set container configuration: InlinePtr #cards 5 size 8 Array Of Cards #cards 12 size 40 Howl #buckets 4 coarsen threshold 1843 Howl Bitmap #cards 512 size 80 coarsen threshold 460 Card regions per heap region 1 cards per card region 2048

Heap:
 garbage-first heap   total 0K, used 0K [0x0000000082400000, 0x0000000100000000)
  region size 1024K, 0 young (0K), 0 survivors (0K)

[error occurred during error reporting (printing heap information), id 0xc0000005, EXCEPTION_ACCESS_VIOLATION (0xc0000005) at pc=0x00007fff6e9c6649]

GC Heap History (0 events):
No events

Dll operation events (1 events):
Event: 0.007 Loaded shared library C:\Program Files\Java\jdk-19\bin\java.dll

Deoptimization events (0 events):
No events

Classes loaded (0 events):
No events

Classes unloaded (0 events):
No events

Classes redefined (0 events):
No events

Internal exceptions (0 events):
No events

VM Operations (0 events):
No events

Events (0 events):
No events


Dynamic libraries:
0x00007ff7bef00000 - 0x00007ff7bef10000 	C:\Program Files\Java\jdk-19\bin\java.exe
0x00007fffda910000 - 0x00007fffdab08000 	C:\Windows\SYSTEM32\ntdll.dll
0x00007fffd9820000 - 0x00007fffd98df000 	C:\Windows\System32\KERNEL32.DLL
0x00007fffd8590000 - 0x00007fffd8886000 	C:\Windows\System32\KERNELBASE.dll
0x00007fffd8170000 - 0x00007fffd8270000 	C:\Windows\System32\ucrtbase.dll
0x00007fffd2b80000 - 0x00007fffd2b9b000 	C:\Program Files\Java\jdk-19\bin\VCRUNTIME140.dll
0x00007fffbb110000 - 0x00007fffbb128000 	C:\Program Files\Java\jdk-19\bin\jli.dll
0x00007fffd8a70000 - 0x00007fffd8b1f000 	C:\Windows\System32\ADVAPI32.dll
0x00007fffda5e0000 - 0x00007fffda67e000 	C:\Windows\System32\msvcrt.dll
0x00007fffd9230000 - 0x00007fffd92cc000 	C:\Windows\System32\sechost.dll
0x00007fffd8d40000 - 0x00007fffd8e66000 	C:\Windows\System32\RPCRT4.dll
0x00007fffd8b20000 - 0x00007fffd8cbd000 	C:\Windows\System32\USER32.dll
0x00007fffc4280000 - 0x00007fffc451a000 	C:\Windows\WinSxS\amd64_microsoft.windows.common-controls_6595b64144ccf1df_6.0.19041.1110_none_60b5254171f9507e\COMCTL32.dll
0x00007fffd7ff0000 - 0x00007fffd8012000 	C:\Windows\System32\win32u.dll
0x00007fffd8980000 - 0x00007fffd89ac000 	C:\Windows\System32\GDI32.dll
0x00007fffd8470000 - 0x00007fffd8585000 	C:\Windows\System32\gdi32full.dll
0x00007fffd8270000 - 0x00007fffd830d000 	C:\Windows\System32\msvcp_win.dll
0x00007fffd1a50000 - 0x00007fffd1a5a000 	C:\Windows\SYSTEM32\VERSION.dll
0x00007fffd9c90000 - 0x00007fffd9cc0000 	C:\Windows\System32\IMM32.DLL
0x00007fffd3650000 - 0x00007fffd365c000 	C:\Program Files\Java\jdk-19\bin\vcruntime140_1.dll
0x00007fffaf2a0000 - 0x00007fffaf32e000 	C:\Program Files\Java\jdk-19\bin\msvcp140.dll
0x00007fff6e280000 - 0x00007fff6ef40000 	C:\Program Files\Java\jdk-19\bin\server\jvm.dll
0x00007fffd41d0000 - 0x00007fffd41d9000 	C:\Windows\SYSTEM32\WSOCK32.dll
0x00007fffc10d0000 - 0x00007fffc10f7000 	C:\Windows\SYSTEM32\WINMM.dll
0x00007fffd9b60000 - 0x00007fffd9bcb000 	C:\Windows\System32\WS2_32.dll
0x00007fffd6820000 - 0x00007fffd6832000 	C:\Windows\SYSTEM32\kernel.appcore.dll
0x00007fffd3630000 - 0x00007fffd363a000 	C:\Program Files\Java\jdk-19\bin\jimage.dll
0x00007fffd6530000 - 0x00007fffd6714000 	C:\Windows\SYSTEM32\DBGHELP.DLL
0x00007fffc5050000 - 0x00007fffc5084000 	C:\Windows\SYSTEM32\dbgcore.DLL
0x00007fffd88e0000 - 0x00007fffd8962000 	C:\Windows\System32\bcryptPrimitives.dll
0x00007fffc1970000 - 0x00007fffc1996000 	C:\Program Files\Java\jdk-19\bin\java.dll

dbghelp: loaded successfully - version: 4.0.5 - missing functions: none
symbol engine: initialized successfully - sym options: 0x614 - pdb path: .;C:\Program Files\Java\jdk-19\bin;C:\Windows\SYSTEM32;C:\Windows\WinSxS\amd64_microsoft.windows.common-controls_6595b64144ccf1df_6.0.19041.1110_none_60b5254171f9507e;C:\Program Files\Java\jdk-19\bin\server

VM Arguments:
jvm_args: -Dfile.encoding=UTF-8 --module-path=C:\Users\ASUS\OneDrive\Documents\NetBeansProjects\Empmanagement\build\classes 
java_command: employee.management.List_Employee
java_class_path (initial): D:\Dbms emp test\mysql-connector-java-8.0.28.jar;C:\Users\ASUS\OneDrive\Documents\NetBeansProjects\Empmanagement\build\classes
Launcher Type: SUN_STANDARD

[Global flags]
     intx CICompilerCount                          = 4                                         {product} {ergonomic}
     uint ConcGCThreads                            = 2                                         {product} {ergonomic}
     uint G1ConcRefinementThreads                  = 8                                         {product} {ergonomic}
   size_t G1HeapRegionSize                         = 1048576                                   {product} {ergonomic}
    uintx GCDrainStackTargetSize                   = 64                                        {product} {ergonomic}
   size_t InitialHeapSize                          = 132120576                                 {product} {ergonomic}
   size_t MarkStackSize                            = 4194304                                   {product} {ergonomic}
   size_t MaxHeapSize                              = 2109734912                                {product} {ergonomic}
   size_t MinHeapDeltaBytes                        = 1048576                                   {product} {ergonomic}
   size_t MinHeapSize                              = 8388608                                   {product} {ergonomic}
    uintx NonNMethodCodeHeapSize                   = 5839372                                {pd product} {ergonomic}
    uintx NonProfiledCodeHeapSize                  = 122909434                              {pd product} {ergonomic}
    uintx ProfiledCodeHeapSize                     = 122909434                              {pd product} {ergonomic}
    uintx ReservedCodeCacheSize                    = 251658240                              {pd product} {ergonomic}
     bool SegmentedCodeCache                       = true                                      {product} {ergonomic}
   size_t SoftMaxHeapSize                          = 2109734912                             {manageable} {ergonomic}
     bool UseCompressedClassPointers               = true                           {product lp64_product} {ergonomic}
     bool UseCompressedOops                        = true                           {product lp64_product} {ergonomic}
     bool UseG1GC                                  = true                                      {product} {ergonomic}
     bool UseLargePagesIndividualAllocation        = false                                  {pd product} {ergonomic}

Logging:
Log output configuration:
 #0: stdout all=warning uptime,level,tags foldmultilines=false
 #1: stderr all=off uptime,level,tags foldmultilines=false

Environment Variables:
JAVA_HOME=C:\Program Files\Java\jdk-18.0.2.1
PATH=C:\Program Files\Common Files\Oracle\Java\javapath;C:\Windows\system32;C:\Windows;C:\Windows\System32\Wbem;C:\Windows\System32\WindowsPowerShell\v1.0\;C:\Windows\System32\OpenSSH\;C:\msys64\mingw64\bin;C:\Program Files\Java\jdk-18.0.2.1\bin;C:\Program Files\MySQL\MySQL Shell 8.0\bin\;C:\Users\ASUS\AppData\Local\Microsoft\WindowsApps;C:\Users\ASUS\AppData\Local\Programs\Microsoft VS Code\bin
USERNAME=ASUS
OS=Windows_NT
PROCESSOR_IDENTIFIER=Intel64 Family 6 Model 142 Stepping 11, GenuineIntel
TMP=C:\Users\ASUS\AppData\Local\Temp
TEMP=C:\Users\ASUS\AppData\Local\Temp



---------------  S Y S T E M  ---------------

OS:
 Windows 10 , 64 bit Build 19041 (10.0.19041.3155)
OS uptime: 0 days 4:33 hours

CPU: total 8 (initial active 8) (4 cores per cpu, 2 threads per core) family 6 model 142 stepping 11 microcode 0xde, cx8, cmov, fxsr, ht, mmx, 3dnowpref, sse, sse2, sse3, ssse3, sse4.1, sse4.2, popcnt, lzcnt, tsc, tscinvbit, avx, avx2, aes, erms, clmul, bmi1, bmi2, adx, fma, vzeroupper, clflush, clflushopt, rdtscp

Memory: 4k page, system-wide physical 8043M (872M free)
TotalPageFile size 32619M (AvailPageFile size 108M)
current process WorkingSet (physical memory assigned to process): 10M, peak: 10M
current process commit charge ("private bytes"): 60M, peak: 186M

vm_info: Java HotSpot(TM) 64-Bit Server VM (19.0.2+7-44) for windows-amd64 JRE (19.0.2+7-44), built on 2022-11-30T18:02:09Z by "mach5one" with MS VC++ 17.1 (VS2022)

END.
